04/02/2018 09:46:18 AM INFO Ln 757: Cleared log
04/02/2018 09:52:30 AM INFO Ln 590: Lost $10
04/02/2018 09:52:30 AM INFO Ln 593: Increased losses amount to 226
04/02/2018 09:52:30 AM INFO Ln 590: Lost $10
04/02/2018 09:52:30 AM INFO Ln 593: Increased losses amount to 227
04/02/2018 09:52:31 AM INFO Ln 590: Lost $10
04/02/2018 09:52:31 AM INFO Ln 593: Increased losses amount to 228
04/02/2018 09:52:31 AM INFO Ln 590: Lost $10
04/02/2018 09:52:31 AM INFO Ln 593: Increased losses amount to 229
04/02/2018 09:52:31 AM INFO Ln 590: Lost $10
04/02/2018 09:52:31 AM INFO Ln 593: Increased losses amount to 230
04/02/2018 09:52:31 AM INFO Ln 590: Lost $10
04/02/2018 09:52:31 AM INFO Ln 593: Increased losses amount to 231
04/02/2018 09:52:31 AM INFO Ln 590: Lost $10
04/02/2018 09:52:31 AM INFO Ln 593: Increased losses amount to 232
04/02/2018 09:52:31 AM INFO Ln 590: Lost $10
04/02/2018 09:52:31 AM INFO Ln 593: Increased losses amount to 233
04/02/2018 09:53:50 AM INFO Ln 590: Lost $10
04/02/2018 09:53:50 AM INFO Ln 593: Increased losses amount to 234
04/02/2018 09:53:50 AM INFO Ln 590: Lost $10
04/02/2018 09:53:50 AM INFO Ln 593: Increased losses amount to 235
04/02/2018 09:53:50 AM INFO Ln 590: Lost $10
04/02/2018 09:53:50 AM INFO Ln 593: Increased losses amount to 236
04/02/2018 09:53:50 AM INFO Ln 590: Lost $10
04/02/2018 09:53:50 AM INFO Ln 593: Increased losses amount to 237
04/02/2018 09:53:50 AM INFO Ln 590: Lost $10
04/02/2018 09:53:50 AM INFO Ln 593: Increased losses amount to 238
04/02/2018 09:53:51 AM INFO Ln 590: Lost $10
04/02/2018 09:53:51 AM INFO Ln 593: Increased losses amount to 239
04/02/2018 09:53:52 AM INFO Ln 590: Lost $10
04/02/2018 09:53:52 AM INFO Ln 593: Increased losses amount to 240
04/02/2018 09:53:52 AM INFO Ln 590: Lost $10
04/02/2018 09:53:52 AM INFO Ln 593: Increased losses amount to 241
04/02/2018 09:53:52 AM INFO Ln 590: Lost $10
04/02/2018 09:53:52 AM INFO Ln 593: Increased losses amount to 242
04/02/2018 09:53:52 AM INFO Ln 590: Lost $10
04/02/2018 09:53:52 AM INFO Ln 593: Increased losses amount to 243
04/02/2018 09:53:52 AM INFO Ln 590: Lost $10
04/02/2018 09:53:52 AM INFO Ln 593: Increased losses amount to 244
04/02/2018 09:53:52 AM INFO Ln 590: Lost $10
04/02/2018 09:53:52 AM INFO Ln 593: Increased losses amount to 245
04/02/2018 09:53:52 AM INFO Ln 590: Lost $10
04/02/2018 09:53:52 AM INFO Ln 593: Increased losses amount to 246
04/02/2018 09:53:53 AM INFO Ln 590: Lost $10
04/02/2018 09:53:53 AM INFO Ln 593: Increased losses amount to 247
04/02/2018 09:53:53 AM INFO Ln 590: Lost $10
04/02/2018 09:53:53 AM INFO Ln 593: Increased losses amount to 248
04/02/2018 09:53:53 AM INFO Ln 590: Lost $10
04/02/2018 09:53:53 AM INFO Ln 593: Increased losses amount to 249
04/02/2018 09:53:53 AM INFO Ln 590: Lost $10
04/02/2018 09:53:53 AM INFO Ln 593: Increased losses amount to 250
04/02/2018 09:53:53 AM INFO Ln 590: Lost $10
04/02/2018 09:53:53 AM INFO Ln 593: Increased losses amount to 251
04/02/2018 09:53:53 AM INFO Ln 590: Lost $10
04/02/2018 09:53:53 AM INFO Ln 593: Increased losses amount to 252
04/02/2018 09:53:54 AM INFO Ln 590: Lost $10
04/02/2018 09:53:54 AM INFO Ln 593: Increased losses amount to 253
04/02/2018 09:54:10 AM INFO Ln 371: Changed difficulty level to 1
04/02/2018 09:54:10 AM INFO Ln 408: Reached updateUI method
04/02/2018 09:54:10 AM INFO Ln 284: Reached getCurrentBank method
04/02/2018 09:54:10 AM INFO Ln 284: Reached getCurrentBank method
04/02/2018 09:54:10 AM INFO Ln 674: Reached betChangedHandler method
04/02/2018 09:54:10 AM INFO Ln 284: Reached getCurrentBank method
04/02/2018 09:54:10 AM INFO Ln 309: Reached setCurrentBet method
04/02/2018 09:54:10 AM INFO Ln 538: Reached rollAction method
04/02/2018 09:54:10 AM INFO Ln 314: Reached getCurrentBet method
04/02/2018 09:54:10 AM INFO Ln 567: Won $10
04/02/2018 09:54:10 AM INFO Ln 314: Reached getCurrentBet method
04/02/2018 09:54:10 AM INFO Ln 314: Reached getCurrentBet method
04/02/2018 09:54:10 AM INFO Ln 314: Reached getCurrentBet method
04/02/2018 09:54:10 AM INFO Ln 575: Bank amount increased to $9999604
04/02/2018 09:54:10 AM INFO Ln 580: Increased wins amount to 319
04/02/2018 09:54:10 AM INFO Ln 408: Reached updateUI method
04/02/2018 09:54:10 AM INFO Ln 284: Reached getCurrentBank method
04/02/2018 09:54:10 AM INFO Ln 284: Reached getCurrentBank method
04/02/2018 09:54:10 AM INFO Ln 408: Reached updateUI method
04/02/2018 09:54:10 AM INFO Ln 284: Reached getCurrentBank method
04/02/2018 09:54:10 AM INFO Ln 284: Reached getCurrentBank method
04/02/2018 09:54:11 AM INFO Ln 674: Reached betChangedHandler method
04/02/2018 09:54:11 AM INFO Ln 284: Reached getCurrentBank method
04/02/2018 09:54:11 AM INFO Ln 309: Reached setCurrentBet method
04/02/2018 09:54:11 AM INFO Ln 538: Reached rollAction method
04/02/2018 09:54:11 AM INFO Ln 314: Reached getCurrentBet method
04/02/2018 09:54:11 AM INFO Ln 567: Won $10
04/02/2018 09:54:11 AM INFO Ln 314: Reached getCurrentBet method
04/02/2018 09:54:11 AM INFO Ln 314: Reached getCurrentBet method
04/02/2018 09:54:11 AM INFO Ln 314: Reached getCurrentBet method
04/02/2018 09:54:11 AM INFO Ln 575: Bank amount increased to $9999614
04/02/2018 09:54:11 AM INFO Ln 580: Increased wins amount to 320
04/02/2018 09:54:11 AM INFO Ln 408: Reached updateUI method
04/02/2018 09:54:11 AM INFO Ln 284: Reached getCurrentBank method
04/02/2018 09:54:11 AM INFO Ln 284: Reached getCurrentBank method
04/02/2018 09:54:11 AM INFO Ln 408: Reached updateUI method
04/02/2018 09:54:11 AM INFO Ln 284: Reached getCurrentBank method
04/02/2018 09:54:11 AM INFO Ln 284: Reached getCurrentBank method
04/02/2018 09:54:11 AM INFO Ln 674: Reached betChangedHandler method
04/02/2018 09:54:11 AM INFO Ln 284: Reached getCurrentBank method
04/02/2018 09:54:11 AM INFO Ln 309: Reached setCurrentBet method
04/02/2018 09:54:11 AM INFO Ln 538: Reached rollAction method
04/02/2018 09:54:11 AM INFO Ln 314: Reached getCurrentBet method
04/02/2018 09:54:11 AM INFO Ln 567: Won $10
04/02/2018 09:54:11 AM INFO Ln 314: Reached getCurrentBet method
04/02/2018 09:54:11 AM INFO Ln 314: Reached getCurrentBet method
04/02/2018 09:54:11 AM INFO Ln 314: Reached getCurrentBet method
04/02/2018 09:54:11 AM INFO Ln 575: Bank amount increased to $9999624
04/02/2018 09:54:11 AM INFO Ln 580: Increased wins amount to 321
04/02/2018 09:54:11 AM INFO Ln 408: Reached updateUI method
04/02/2018 09:54:11 AM INFO Ln 284: Reached getCurrentBank method
04/02/2018 09:54:11 AM INFO Ln 284: Reached getCurrentBank method
04/02/2018 09:54:11 AM INFO Ln 408: Reached updateUI method
04/02/2018 09:54:11 AM INFO Ln 284: Reached getCurrentBank method
04/02/2018 09:54:11 AM INFO Ln 284: Reached getCurrentBank method
04/02/2018 09:54:11 AM INFO Ln 674: Reached betChangedHandler method
04/02/2018 09:54:11 AM INFO Ln 284: Reached getCurrentBank method
04/02/2018 09:54:11 AM INFO Ln 309: Reached setCurrentBet method
04/02/2018 09:54:11 AM INFO Ln 538: Reached rollAction method
04/02/2018 09:54:11 AM INFO Ln 314: Reached getCurrentBet method
04/02/2018 09:54:11 AM INFO Ln 567: Won $10
04/02/2018 09:54:11 AM INFO Ln 314: Reached getCurrentBet method
04/02/2018 09:54:11 AM INFO Ln 314: Reached getCurrentBet method
04/02/2018 09:54:11 AM INFO Ln 314: Reached getCurrentBet method
04/02/2018 09:54:11 AM INFO Ln 575: Bank amount increased to $9999634
04/02/2018 09:54:11 AM INFO Ln 580: Increased wins amount to 322
04/02/2018 09:54:11 AM INFO Ln 408: Reached updateUI method
04/02/2018 09:54:11 AM INFO Ln 284: Reached getCurrentBank method
04/02/2018 09:54:11 AM INFO Ln 284: Reached getCurrentBank method
04/02/2018 09:54:11 AM INFO Ln 408: Reached updateUI method
04/02/2018 09:54:11 AM INFO Ln 284: Reached getCurrentBank method
04/02/2018 09:54:11 AM INFO Ln 284: Reached getCurrentBank method
04/02/2018 09:54:11 AM INFO Ln 674: Reached betChangedHandler method
04/02/2018 09:54:11 AM INFO Ln 284: Reached getCurrentBank method
04/02/2018 09:54:11 AM INFO Ln 309: Reached setCurrentBet method
04/02/2018 09:54:11 AM INFO Ln 538: Reached rollAction method
04/02/2018 09:54:11 AM INFO Ln 314: Reached getCurrentBet method
04/02/2018 09:54:11 AM INFO Ln 567: Won $10
04/02/2018 09:54:11 AM INFO Ln 314: Reached getCurrentBet method
04/02/2018 09:54:11 AM INFO Ln 314: Reached getCurrentBet method
04/02/2018 09:54:11 AM INFO Ln 314: Reached getCurrentBet method
04/02/2018 09:54:11 AM INFO Ln 575: Bank amount increased to $9999644
04/02/2018 09:54:11 AM INFO Ln 580: Increased wins amount to 323
04/02/2018 09:54:11 AM INFO Ln 408: Reached updateUI method
04/02/2018 09:54:11 AM INFO Ln 284: Reached getCurrentBank method
04/02/2018 09:54:11 AM INFO Ln 284: Reached getCurrentBank method
04/02/2018 09:54:11 AM INFO Ln 408: Reached updateUI method
04/02/2018 09:54:11 AM INFO Ln 284: Reached getCurrentBank method
04/02/2018 09:54:11 AM INFO Ln 284: Reached getCurrentBank method
04/02/2018 09:54:11 AM INFO Ln 674: Reached betChangedHandler method
04/02/2018 09:54:11 AM INFO Ln 284: Reached getCurrentBank method
04/02/2018 09:54:11 AM INFO Ln 309: Reached setCurrentBet method
04/02/2018 09:54:11 AM INFO Ln 538: Reached rollAction method
04/02/2018 09:54:11 AM INFO Ln 314: Reached getCurrentBet method
04/02/2018 09:54:11 AM INFO Ln 567: Won $10
04/02/2018 09:54:11 AM INFO Ln 314: Reached getCurrentBet method
04/02/2018 09:54:11 AM INFO Ln 314: Reached getCurrentBet method
04/02/2018 09:54:11 AM INFO Ln 314: Reached getCurrentBet method
04/02/2018 09:54:11 AM INFO Ln 575: Bank amount increased to $9999654
04/02/2018 09:54:11 AM INFO Ln 580: Increased wins amount to 324
04/02/2018 09:54:11 AM INFO Ln 408: Reached updateUI method
04/02/2018 09:54:11 AM INFO Ln 284: Reached getCurrentBank method
04/02/2018 09:54:11 AM INFO Ln 284: Reached getCurrentBank method
04/02/2018 09:54:11 AM INFO Ln 408: Reached updateUI method
04/02/2018 09:54:11 AM INFO Ln 284: Reached getCurrentBank method
04/02/2018 09:54:11 AM INFO Ln 284: Reached getCurrentBank method
04/02/2018 09:54:11 AM INFO Ln 674: Reached betChangedHandler method
04/02/2018 09:54:11 AM INFO Ln 284: Reached getCurrentBank method
04/02/2018 09:54:11 AM INFO Ln 309: Reached setCurrentBet method
04/02/2018 09:54:11 AM INFO Ln 538: Reached rollAction method
04/02/2018 09:54:11 AM INFO Ln 314: Reached getCurrentBet method
04/02/2018 09:54:11 AM INFO Ln 567: Won $10
04/02/2018 09:54:11 AM INFO Ln 314: Reached getCurrentBet method
04/02/2018 09:54:11 AM INFO Ln 314: Reached getCurrentBet method
04/02/2018 09:54:11 AM INFO Ln 314: Reached getCurrentBet method
04/02/2018 09:54:11 AM INFO Ln 575: Bank amount increased to $9999664
04/02/2018 09:54:11 AM INFO Ln 580: Increased wins amount to 325
04/02/2018 09:54:11 AM INFO Ln 408: Reached updateUI method
04/02/2018 09:54:11 AM INFO Ln 284: Reached getCurrentBank method
04/02/2018 09:54:11 AM INFO Ln 284: Reached getCurrentBank method
04/02/2018 09:54:11 AM INFO Ln 408: Reached updateUI method
04/02/2018 09:54:11 AM INFO Ln 284: Reached getCurrentBank method
04/02/2018 09:54:11 AM INFO Ln 284: Reached getCurrentBank method
04/02/2018 09:54:11 AM INFO Ln 674: Reached betChangedHandler method
04/02/2018 09:54:11 AM INFO Ln 284: Reached getCurrentBank method
04/02/2018 09:54:11 AM INFO Ln 309: Reached setCurrentBet method
04/02/2018 09:54:11 AM INFO Ln 538: Reached rollAction method
04/02/2018 09:54:11 AM INFO Ln 314: Reached getCurrentBet method
04/02/2018 09:54:11 AM INFO Ln 567: Won $10
04/02/2018 09:54:11 AM INFO Ln 314: Reached getCurrentBet method
04/02/2018 09:54:11 AM INFO Ln 314: Reached getCurrentBet method
04/02/2018 09:54:11 AM INFO Ln 314: Reached getCurrentBet method
04/02/2018 09:54:11 AM INFO Ln 575: Bank amount increased to $9999674
04/02/2018 09:54:11 AM INFO Ln 580: Increased wins amount to 326
04/02/2018 09:54:11 AM INFO Ln 408: Reached updateUI method
04/02/2018 09:54:11 AM INFO Ln 284: Reached getCurrentBank method
04/02/2018 09:54:11 AM INFO Ln 284: Reached getCurrentBank method
04/02/2018 09:54:11 AM INFO Ln 408: Reached updateUI method
04/02/2018 09:54:11 AM INFO Ln 284: Reached getCurrentBank method
04/02/2018 09:54:11 AM INFO Ln 284: Reached getCurrentBank method
04/02/2018 09:54:12 AM INFO Ln 674: Reached betChangedHandler method
04/02/2018 09:54:12 AM INFO Ln 284: Reached getCurrentBank method
04/02/2018 09:54:12 AM INFO Ln 309: Reached setCurrentBet method
04/02/2018 09:54:12 AM INFO Ln 538: Reached rollAction method
04/02/2018 09:54:12 AM INFO Ln 314: Reached getCurrentBet method
04/02/2018 09:54:12 AM INFO Ln 567: Won $10
04/02/2018 09:54:12 AM INFO Ln 314: Reached getCurrentBet method
04/02/2018 09:54:12 AM INFO Ln 314: Reached getCurrentBet method
04/02/2018 09:54:12 AM INFO Ln 314: Reached getCurrentBet method
04/02/2018 09:54:12 AM INFO Ln 575: Bank amount increased to $9999684
04/02/2018 09:54:12 AM INFO Ln 580: Increased wins amount to 327
04/02/2018 09:54:12 AM INFO Ln 408: Reached updateUI method
04/02/2018 09:54:12 AM INFO Ln 284: Reached getCurrentBank method
04/02/2018 09:54:12 AM INFO Ln 284: Reached getCurrentBank method
04/02/2018 09:54:12 AM INFO Ln 408: Reached updateUI method
04/02/2018 09:54:12 AM INFO Ln 284: Reached getCurrentBank method
04/02/2018 09:54:12 AM INFO Ln 284: Reached getCurrentBank method
04/02/2018 09:54:12 AM INFO Ln 674: Reached betChangedHandler method
04/02/2018 09:54:12 AM INFO Ln 284: Reached getCurrentBank method
04/02/2018 09:54:12 AM INFO Ln 309: Reached setCurrentBet method
04/02/2018 09:54:12 AM INFO Ln 538: Reached rollAction method
04/02/2018 09:54:12 AM INFO Ln 314: Reached getCurrentBet method
04/02/2018 09:54:12 AM INFO Ln 567: Won $10
04/02/2018 09:54:12 AM INFO Ln 314: Reached getCurrentBet method
04/02/2018 09:54:12 AM INFO Ln 314: Reached getCurrentBet method
04/02/2018 09:54:12 AM INFO Ln 314: Reached getCurrentBet method
04/02/2018 09:54:12 AM INFO Ln 575: Bank amount increased to $9999694
04/02/2018 09:54:12 AM INFO Ln 580: Increased wins amount to 328
04/02/2018 09:54:12 AM INFO Ln 408: Reached updateUI method
04/02/2018 09:54:12 AM INFO Ln 284: Reached getCurrentBank method
04/02/2018 09:54:12 AM INFO Ln 284: Reached getCurrentBank method
04/02/2018 09:54:12 AM INFO Ln 408: Reached updateUI method
04/02/2018 09:54:12 AM INFO Ln 284: Reached getCurrentBank method
04/02/2018 09:54:12 AM INFO Ln 284: Reached getCurrentBank method
04/02/2018 09:54:12 AM INFO Ln 674: Reached betChangedHandler method
04/02/2018 09:54:12 AM INFO Ln 284: Reached getCurrentBank method
04/02/2018 09:54:12 AM INFO Ln 309: Reached setCurrentBet method
04/02/2018 09:54:12 AM INFO Ln 538: Reached rollAction method
04/02/2018 09:54:12 AM INFO Ln 314: Reached getCurrentBet method
04/02/2018 09:54:12 AM INFO Ln 567: Won $10
04/02/2018 09:54:12 AM INFO Ln 314: Reached getCurrentBet method
04/02/2018 09:54:12 AM INFO Ln 314: Reached getCurrentBet method
04/02/2018 09:54:12 AM INFO Ln 314: Reached getCurrentBet method
04/02/2018 09:54:12 AM INFO Ln 575: Bank amount increased to $9999704
04/02/2018 09:54:12 AM INFO Ln 580: Increased wins amount to 329
04/02/2018 09:54:12 AM INFO Ln 408: Reached updateUI method
04/02/2018 09:54:12 AM INFO Ln 284: Reached getCurrentBank method
04/02/2018 09:54:12 AM INFO Ln 284: Reached getCurrentBank method
04/02/2018 09:54:12 AM INFO Ln 408: Reached updateUI method
04/02/2018 09:54:12 AM INFO Ln 284: Reached getCurrentBank method
04/02/2018 09:54:12 AM INFO Ln 284: Reached getCurrentBank method
04/02/2018 09:54:12 AM INFO Ln 674: Reached betChangedHandler method
04/02/2018 09:54:12 AM INFO Ln 284: Reached getCurrentBank method
04/02/2018 09:54:12 AM INFO Ln 309: Reached setCurrentBet method
04/02/2018 09:54:12 AM INFO Ln 538: Reached rollAction method
04/02/2018 09:54:12 AM INFO Ln 314: Reached getCurrentBet method
04/02/2018 09:54:12 AM INFO Ln 567: Won $10
04/02/2018 09:54:12 AM INFO Ln 314: Reached getCurrentBet method
04/02/2018 09:54:12 AM INFO Ln 314: Reached getCurrentBet method
04/02/2018 09:54:12 AM INFO Ln 314: Reached getCurrentBet method
04/02/2018 09:54:12 AM INFO Ln 575: Bank amount increased to $9999714
04/02/2018 09:54:12 AM INFO Ln 580: Increased wins amount to 330
04/02/2018 09:54:12 AM INFO Ln 408: Reached updateUI method
04/02/2018 09:54:12 AM INFO Ln 284: Reached getCurrentBank method
04/02/2018 09:54:12 AM INFO Ln 284: Reached getCurrentBank method
04/02/2018 09:54:12 AM INFO Ln 408: Reached updateUI method
04/02/2018 09:54:12 AM INFO Ln 284: Reached getCurrentBank method
04/02/2018 09:54:12 AM INFO Ln 284: Reached getCurrentBank method
04/02/2018 09:54:12 AM INFO Ln 674: Reached betChangedHandler method
04/02/2018 09:54:12 AM INFO Ln 284: Reached getCurrentBank method
04/02/2018 09:54:12 AM INFO Ln 309: Reached setCurrentBet method
04/02/2018 09:54:12 AM INFO Ln 538: Reached rollAction method
04/02/2018 09:54:12 AM INFO Ln 314: Reached getCurrentBet method
04/02/2018 09:54:12 AM INFO Ln 567: Won $10
04/02/2018 09:54:12 AM INFO Ln 314: Reached getCurrentBet method
04/02/2018 09:54:12 AM INFO Ln 314: Reached getCurrentBet method
04/02/2018 09:54:12 AM INFO Ln 314: Reached getCurrentBet method
04/02/2018 09:54:12 AM INFO Ln 575: Bank amount increased to $9999724
04/02/2018 09:54:12 AM INFO Ln 580: Increased wins amount to 331
04/02/2018 09:54:12 AM INFO Ln 408: Reached updateUI method
04/02/2018 09:54:12 AM INFO Ln 284: Reached getCurrentBank method
04/02/2018 09:54:12 AM INFO Ln 284: Reached getCurrentBank method
04/02/2018 09:54:12 AM INFO Ln 408: Reached updateUI method
04/02/2018 09:54:12 AM INFO Ln 284: Reached getCurrentBank method
04/02/2018 09:54:12 AM INFO Ln 284: Reached getCurrentBank method
04/02/2018 09:54:12 AM INFO Ln 674: Reached betChangedHandler method
04/02/2018 09:54:12 AM INFO Ln 284: Reached getCurrentBank method
04/02/2018 09:54:12 AM INFO Ln 309: Reached setCurrentBet method
04/02/2018 09:54:12 AM INFO Ln 538: Reached rollAction method
04/02/2018 09:54:12 AM INFO Ln 314: Reached getCurrentBet method
04/02/2018 09:54:12 AM INFO Ln 567: Won $10
04/02/2018 09:54:12 AM INFO Ln 314: Reached getCurrentBet method
04/02/2018 09:54:12 AM INFO Ln 314: Reached getCurrentBet method
04/02/2018 09:54:12 AM INFO Ln 314: Reached getCurrentBet method
04/02/2018 09:54:12 AM INFO Ln 575: Bank amount increased to $9999734
04/02/2018 09:54:12 AM INFO Ln 580: Increased wins amount to 332
04/02/2018 09:54:12 AM INFO Ln 408: Reached updateUI method
04/02/2018 09:54:12 AM INFO Ln 284: Reached getCurrentBank method
04/02/2018 09:54:12 AM INFO Ln 284: Reached getCurrentBank method
04/02/2018 09:54:12 AM INFO Ln 408: Reached updateUI method
04/02/2018 09:54:12 AM INFO Ln 284: Reached getCurrentBank method
04/02/2018 09:54:12 AM INFO Ln 284: Reached getCurrentBank method
04/02/2018 09:54:12 AM INFO Ln 674: Reached betChangedHandler method
04/02/2018 09:54:12 AM INFO Ln 284: Reached getCurrentBank method
04/02/2018 09:54:12 AM INFO Ln 309: Reached setCurrentBet method
04/02/2018 09:54:12 AM INFO Ln 538: Reached rollAction method
04/02/2018 09:54:12 AM INFO Ln 314: Reached getCurrentBet method
04/02/2018 09:54:12 AM INFO Ln 567: Won $10
04/02/2018 09:54:12 AM INFO Ln 314: Reached getCurrentBet method
04/02/2018 09:54:12 AM INFO Ln 314: Reached getCurrentBet method
04/02/2018 09:54:12 AM INFO Ln 314: Reached getCurrentBet method
04/02/2018 09:54:12 AM INFO Ln 575: Bank amount increased to $9999744
04/02/2018 09:54:12 AM INFO Ln 580: Increased wins amount to 333
04/02/2018 09:54:12 AM INFO Ln 408: Reached updateUI method
04/02/2018 09:54:12 AM INFO Ln 284: Reached getCurrentBank method
04/02/2018 09:54:12 AM INFO Ln 284: Reached getCurrentBank method
04/02/2018 09:54:12 AM INFO Ln 408: Reached updateUI method
04/02/2018 09:54:12 AM INFO Ln 284: Reached getCurrentBank method
04/02/2018 09:54:12 AM INFO Ln 284: Reached getCurrentBank method
04/02/2018 09:54:13 AM INFO Ln 674: Reached betChangedHandler method
04/02/2018 09:54:13 AM INFO Ln 284: Reached getCurrentBank method
04/02/2018 09:54:13 AM INFO Ln 309: Reached setCurrentBet method
04/02/2018 09:54:13 AM INFO Ln 538: Reached rollAction method
04/02/2018 09:54:13 AM INFO Ln 314: Reached getCurrentBet method
04/02/2018 09:54:13 AM INFO Ln 567: Won $10
04/02/2018 09:54:13 AM INFO Ln 314: Reached getCurrentBet method
04/02/2018 09:54:13 AM INFO Ln 314: Reached getCurrentBet method
04/02/2018 09:54:13 AM INFO Ln 314: Reached getCurrentBet method
04/02/2018 09:54:13 AM INFO Ln 575: Bank amount increased to $9999754
04/02/2018 09:54:13 AM INFO Ln 580: Increased wins amount to 334
04/02/2018 09:54:13 AM INFO Ln 408: Reached updateUI method
04/02/2018 09:54:13 AM INFO Ln 284: Reached getCurrentBank method
04/02/2018 09:54:13 AM INFO Ln 284: Reached getCurrentBank method
04/02/2018 09:54:13 AM INFO Ln 408: Reached updateUI method
04/02/2018 09:54:13 AM INFO Ln 284: Reached getCurrentBank method
04/02/2018 09:54:13 AM INFO Ln 284: Reached getCurrentBank method
04/02/2018 09:54:13 AM INFO Ln 674: Reached betChangedHandler method
04/02/2018 09:54:13 AM INFO Ln 284: Reached getCurrentBank method
04/02/2018 09:54:13 AM INFO Ln 309: Reached setCurrentBet method
04/02/2018 09:54:13 AM INFO Ln 538: Reached rollAction method
04/02/2018 09:54:13 AM INFO Ln 314: Reached getCurrentBet method
04/02/2018 09:54:13 AM INFO Ln 567: Won $10
04/02/2018 09:54:13 AM INFO Ln 314: Reached getCurrentBet method
04/02/2018 09:54:13 AM INFO Ln 314: Reached getCurrentBet method
04/02/2018 09:54:13 AM INFO Ln 314: Reached getCurrentBet method
04/02/2018 09:54:13 AM INFO Ln 575: Bank amount increased to $9999764
04/02/2018 09:54:13 AM INFO Ln 580: Increased wins amount to 335
04/02/2018 09:54:13 AM INFO Ln 408: Reached updateUI method
04/02/2018 09:54:13 AM INFO Ln 284: Reached getCurrentBank method
04/02/2018 09:54:13 AM INFO Ln 284: Reached getCurrentBank method
04/02/2018 09:54:13 AM INFO Ln 408: Reached updateUI method
04/02/2018 09:54:13 AM INFO Ln 284: Reached getCurrentBank method
04/02/2018 09:54:13 AM INFO Ln 284: Reached getCurrentBank method
04/02/2018 09:54:13 AM INFO Ln 674: Reached betChangedHandler method
04/02/2018 09:54:13 AM INFO Ln 284: Reached getCurrentBank method
04/02/2018 09:54:13 AM INFO Ln 309: Reached setCurrentBet method
04/02/2018 09:54:13 AM INFO Ln 538: Reached rollAction method
04/02/2018 09:54:13 AM INFO Ln 314: Reached getCurrentBet method
04/02/2018 09:54:13 AM INFO Ln 567: Won $10
04/02/2018 09:54:13 AM INFO Ln 314: Reached getCurrentBet method
04/02/2018 09:54:13 AM INFO Ln 314: Reached getCurrentBet method
04/02/2018 09:54:13 AM INFO Ln 314: Reached getCurrentBet method
04/02/2018 09:54:13 AM INFO Ln 575: Bank amount increased to $9999774
04/02/2018 09:54:13 AM INFO Ln 580: Increased wins amount to 336
04/02/2018 09:54:13 AM INFO Ln 408: Reached updateUI method
04/02/2018 09:54:13 AM INFO Ln 284: Reached getCurrentBank method
04/02/2018 09:54:13 AM INFO Ln 284: Reached getCurrentBank method
04/02/2018 09:54:13 AM INFO Ln 408: Reached updateUI method
04/02/2018 09:54:13 AM INFO Ln 284: Reached getCurrentBank method
04/02/2018 09:54:13 AM INFO Ln 284: Reached getCurrentBank method
